TN:
SF:src\components\Toast\Toast.jsx
FN:6,(anonymous_0)
FN:10,(anonymous_1)
FN:11,(anonymous_2)
FN:13,(anonymous_3)
FN:17,(anonymous_4)
FN:23,(anonymous_5)
FN:25,(anonymous_6)
FN:30,(anonymous_7)
FNF:8
FNH:8
FNDA:9,(anonymous_0)
FNDA:4,(anonymous_1)
FNDA:2,(anonymous_2)
FNDA:1,(anonymous_3)
FNDA:4,(anonymous_4)
FNDA:2,(anonymous_5)
FNDA:1,(anonymous_6)
FNDA:9,(anonymous_7)
DA:6,1
DA:7,9
DA:8,9
DA:10,9
DA:11,4
DA:13,4
DA:14,1
DA:17,4
DA:18,4
DA:19,4
DA:23,9
DA:24,2
DA:25,2
DA:26,1
DA:30,9
DA:31,9
DA:33,1
DA:35,1
DA:37,1
DA:39,6
DA:43,9
LF:21
LH:21
BRDA:6,0,0,6
BRDA:6,1,0,7
BRDA:31,2,0,1
BRDA:31,2,1,1
BRDA:31,2,2,1
BRDA:31,2,3,6
BRDA:46,3,0,0
BRDA:46,3,1,9
BRDA:46,4,0,9
BRDA:46,4,1,2
BRF:10
BRH:9
end_of_record
TN:
SF:src\components\auth\AuthForm.jsx
FN:4,(anonymous_0)
FN:13,(anonymous_1)
FN:18,(anonymous_2)
FN:19,(anonymous_3)
FN:21,(anonymous_4)
FN:25,(anonymous_5)
FN:46,(anonymous_6)
FN:69,(anonymous_7)
FN:82,(anonymous_8)
FN:92,(anonymous_9)
FNF:10
FNH:8
FNDA:56,(anonymous_0)
FNDA:112,(anonymous_1)
FNDA:45,(anonymous_2)
FNDA:45,(anonymous_3)
FNDA:0,(anonymous_4)
FNDA:4,(anonymous_5)
FNDA:112,(anonymous_6)
FNDA:112,(anonymous_7)
FNDA:45,(anonymous_8)
FNDA:0,(anonymous_9)
DA:4,1
DA:12,56
DA:13,112
DA:15,56
DA:16,56
DA:18,56
DA:19,45
DA:20,45
DA:21,0
DA:25,56
DA:26,4
DA:27,4
DA:28,4
DA:30,4
DA:31,8
DA:32,8
DA:33,6
DA:34,6
DA:38,4
DA:39,3
DA:40,3
DA:43,1
DA:46,56
DA:47,112
DA:49,56
DA:51,56
DA:53,0
DA:55,0
DA:59,56
DA:70,112
DA:82,45
DA:92,0
LF:32
LH:28
BRDA:20,0,0,0
BRDA:20,0,1,45
BRDA:32,1,0,6
BRDA:32,1,1,2
BRDA:38,2,0,3
BRDA:38,2,1,1
BRDA:47,3,0,56
BRDA:47,3,1,56
BRDA:47,3,2,0
BRDA:47,3,3,0
BRDA:62,4,0,56
BRDA:62,4,1,1
BRDA:64,5,0,1
BRDA:64,5,1,0
BRDA:75,6,0,56
BRDA:75,6,1,56
BRDA:76,7,0,0
BRDA:76,7,1,56
BRDA:84,8,0,6
BRDA:84,8,1,106
BRDA:89,9,0,112
BRDA:89,9,1,56
BRDA:95,10,0,0
BRDA:95,10,1,56
BRDA:103,11,0,112
BRDA:103,11,1,6
BRDA:110,12,0,1
BRDA:110,12,1,55
BRF:28
BRH:22
end_of_record
TN:
SF:src\components\modals\ConfirmModal.jsx
FN:6,(anonymous_0)
FNF:1
FNH:1
FNDA:6,(anonymous_0)
DA:6,1
DA:13,6
DA:15,5
LF:3
LH:3
BRDA:13,0,0,1
BRDA:13,0,1,5
BRF:2
BRH:2
end_of_record
TN:
SF:src\components\modals\CreateModal.jsx
FN:9,(anonymous_0)
FN:9,(anonymous_1)
FN:23,(anonymous_2)
FN:25,(anonymous_3)
FN:32,(anonymous_4)
FN:60,(anonymous_5)
FN:65,(anonymous_6)
FN:69,(anonymous_7)
FN:82,(anonymous_8)
FN:83,(anonymous_9)
FN:91,(anonymous_10)
FN:112,(anonymous_11)
FN:121,(anonymous_12)
FN:122,(anonymous_13)
FN:129,(anonymous_14)
FN:142,(anonymous_15)
FN:143,(anonymous_16)
FN:194,(anonymous_17)
FN:203,(anonymous_18)
FN:204,(anonymous_19)
FNF:20
FNH:17
FNDA:164,(anonymous_0)
FNDA:0,(anonymous_1)
FNDA:5,(anonymous_2)
FNDA:0,(anonymous_3)
FNDA:5,(anonymous_4)
FNDA:1,(anonymous_5)
FNDA:5,(anonymous_6)
FNDA:2,(anonymous_7)
FNDA:2,(anonymous_8)
FNDA:2,(anonymous_9)
FNDA:0,(anonymous_10)
FNDA:5,(anonymous_11)
FNDA:1,(anonymous_12)
FNDA:1,(anonymous_13)
FNDA:477,(anonymous_14)
FNDA:140,(anonymous_15)
FNDA:140,(anonymous_16)
FNDA:4,(anonymous_17)
FNDA:1,(anonymous_18)
FNDA:1,(anonymous_19)
DA:9,1
DA:10,164
DA:17,164
DA:23,164
DA:24,5
DA:25,0
DA:29,0
DA:32,5
DA:34,5
DA:35,5
DA:40,4
DA:42,4
DA:43,0
DA:48,4
DA:59,1
DA:60,1
DA:65,5
DA:69,164
DA:70,2
DA:71,2
DA:72,1
DA:73,1
DA:74,1
DA:76,1
DA:77,1
DA:78,1
DA:82,164
DA:83,2
DA:91,164
DA:92,0
DA:93,0
DA:96,164
DA:98,163
DA:113,5
DA:114,5
DA:122,1
DA:130,477
DA:143,140
DA:194,4
DA:204,1
LF:40
LH:35
BRDA:9,0,0,0
BRDA:24,1,0,0
BRDA:24,1,1,5
BRDA:42,2,0,0
BRDA:42,2,1,4
BRDA:44,3,0,0
BRDA:44,3,1,0
BRDA:44,3,2,0
BRDA:62,4,0,1
BRDA:62,4,1,0
BRDA:70,5,0,2
BRDA:70,5,1,0
BRDA:71,6,0,1
BRDA:71,6,1,1
BRDA:96,7,0,1
BRDA:96,7,1,163
BRDA:109,8,0,159
BRDA:109,8,1,4
BRDA:150,9,0,159
BRDA:150,9,1,1
BRDA:159,10,0,159
BRDA:159,10,1,154
BRDA:162,11,0,5
BRDA:162,11,1,154
BRF:24
BRH:16
end_of_record
TN:
SF:src\components\playlist\PlaylistTracks.jsx
FN:9,(anonymous_0)
FN:31,(anonymous_1)
FNF:2
FNH:2
FNDA:6,(anonymous_0)
FNDA:10,(anonymous_1)
DA:9,1
DA:10,6
DA:32,10
LF:3
LH:3
BRDA:35,0,0,5
BRDA:35,0,1,5
BRDA:36,1,0,5
BRDA:36,1,1,5
BRDA:53,2,0,10
BRDA:53,2,1,5
BRDA:59,3,0,10
BRDA:59,3,1,5
BRF:8
BRH:8
end_of_record
TN:
SF:src\components\ui\LoadingSpinner.jsx
FN:1,(anonymous_0)
FNF:1
FNH:1
FNDA:4,(anonymous_0)
DA:1,1
DA:2,4
DA:8,4
LF:3
LH:3
BRDA:1,0,0,2
BRDA:1,1,0,3
BRF:2
BRH:2
end_of_record
